<?xml version="1.0" encoding="UTF-8"?>
<!-- Generated by org.testng.reporters.JUnitXMLReporter -->
<testsuite ignored="1" hostname="DESKTOP-LCN26L9" failures="2" tests="2" name="Login and TDS Test" time="10.678" errors="0" timestamp="2024-09-26T14:36:59 IST">
  <testcase classname="Test.TDSMasterPageTest" name="testFillAndSubmitTDSMasterForm" time="0.033">
    <failure type="java.lang.NullPointerException" message="Cannot invoke &amp;quot;org.openqa.selenium.WebDriver.findElement(org.openqa.selenium.By)&amp;quot; because &amp;quot;Test.TDSMasterPageTest.driver&amp;quot; is null">
      <![CDATA[java.lang.NullPointerException: Cannot invoke "org.openqa.selenium.WebDriver.findElement(org.openqa.selenium.By)" because "Test.TDSMasterPageTest.driver" is null
at Test.TDSMasterPageTest.testFillAndSubmitTDSMasterForm(TDSMasterPageTest.java:32)
at java.base/java.util.concurrent.ThreadPoolExecutor.runWorker(ThreadPoolExecutor.java:1144)
at java.base/java.util.concurrent.ThreadPoolExecutor$Worker.run(ThreadPoolExecutor.java:642)
at java.base/java.lang.Thread.run(Thread.java:1583)
... Removed 10 stack frames]]>
    </failure>
  </testcase> <!-- testFillAndSubmitTDSMasterForm -->
  <testcase classname="Test.LoginPageTest" name="userLogin" time="5.015">
    <failure type="java.lang.AssertionError" message="Login attempt failed, unable to retrieve error message. expected [true] but found [false]">
      <![CDATA[java.lang.AssertionError: Login attempt failed, unable to retrieve error message. expected [true] but found [false]
at Test.LoginPageTest.userLogin(LoginPageTest.java:34)
at java.base/java.util.concurrent.ThreadPoolExecutor.runWorker(ThreadPoolExecutor.java:1144)
at java.base/java.util.concurrent.ThreadPoolExecutor$Worker.run(ThreadPoolExecutor.java:642)
at java.base/java.lang.Thread.run(Thread.java:1583)
... Removed 13 stack frames]]>
    </failure>
  </testcase> <!-- userLogin -->
  <testcase classname="baseLibrary.BaseClass" name="@AfterSuite tearDown" time="0.0">
    <ignored/>
  </testcase> <!-- @AfterSuite tearDown -->
</testsuite> <!-- Login and TDS Test -->
